[2025-02-17 18:19:45,469] INFO: Configuration loaded/reloaded successfully.
[2025-02-17 18:19:45,469] ERROR: Task execution error: Sandbox executor not initialized
[2025-02-17 18:19:45,469] INFO: Configuration loaded/reloaded successfully.
[2025-02-17 18:19:45,469] INFO: Task selected: optimize_error_handling (error_rate 0.200 > threshold 0.100)
[2025-02-17 18:19:45,469] INFO: Task selected: optimize_response_time (response_time 0.600 > threshold 0.500)
[2025-02-17 18:19:45,486] INFO: Configuration loaded/reloaded successfully.
[2025-02-17 18:19:45,486] INFO: Configuration loaded/reloaded successfully.
[2025-02-17 18:19:45,486] INFO: Starting integrated RSI loop with 1s intervals
[2025-02-17 18:19:45,486] INFO: Fetching prioritized directives.
[2025-02-17 18:19:45,486] INFO: Analyzing weaknesses...
[2025-02-17 18:19:45,486] WARNING: No feedback available to analyze.
[2025-02-17 18:19:45,488] INFO: --- Performance Metrics ---
[2025-02-17 18:19:45,488] ERROR: Critical loop error: [Errno 2] No such file or directory: '/tmp\\metrics_report.txt'
[2025-02-17 18:19:45,488] INFO: Creating rollback snapshot. (Placeholder implementation)
[2025-02-17 18:19:45,488] INFO: Integrated RSI loop terminated
[2025-02-17 18:22:10,422] INFO: Configuration loaded/reloaded successfully.
[2025-02-17 18:22:10,422] ERROR: Task execution error: Sandbox executor not initialized
[2025-02-17 18:22:10,422] INFO: Configuration loaded/reloaded successfully.
[2025-02-17 18:22:10,422] INFO: Task selected: optimize_error_handling (error_rate 0.200 > threshold 0.100)
[2025-02-17 18:22:10,422] INFO: Task selected: optimize_response_time (response_time 0.600 > threshold 0.500)
[2025-02-17 18:22:10,422] INFO: Configuration loaded/reloaded successfully.
[2025-02-17 18:22:10,422] INFO: Configuration loaded/reloaded successfully.
[2025-02-17 18:22:10,422] INFO: Starting integrated RSI loop with 1s intervals and loop limit 5
[2025-02-17 18:22:10,422] INFO: Fetching prioritized directives.
[2025-02-17 18:22:10,422] WARNING: Sandbox executor not available, skipping directive execution.
[2025-02-17 18:22:10,422] INFO: Analyzing weaknesses...
[2025-02-17 18:22:10,422] WARNING: No feedback available to analyze.
[2025-02-17 18:22:10,422] INFO: --- Performance Metrics ---
[2025-02-17 18:22:10,422] ERROR: Critical loop error: [Errno 2] No such file or directory: '/tmp\\metrics_report.txt'
[2025-02-17 18:22:10,422] INFO: Creating rollback snapshot. (Placeholder implementation)
[2025-02-17 18:22:10,432] INFO: Integrated RSI loop terminated
[2025-02-17 18:30:00,214] INFO: Configuration loaded/reloaded successfully.
[2025-02-17 18:30:00,214] INFO: Starting optimization: error handling
[2025-02-17 18:30:00,214] INFO: Optimizing error handling: error_threshold changing from 0.1 to 0.09000000000000001
[2025-02-17 18:30:00,214] INFO: Configuration saved successfully.
[2025-02-17 18:30:00,214] INFO: Starting optimization: response time
[2025-02-17 18:30:01,228] INFO: Optimizing response time: response_time_threshold changing from 0.5 to 0.45
[2025-02-17 18:30:01,229] INFO: Configuration loaded/reloaded successfully.
[2025-02-17 18:30:01,230] INFO: Task selected: optimize_error_handling (error_rate 0.200 > threshold 0.100)
[2025-02-17 18:30:01,230] INFO: Task selected: optimize_response_time (response_time 0.600 > threshold 0.500)
[2025-02-17 18:30:01,231] INFO: Configuration loaded/reloaded successfully.
[2025-02-17 18:30:01,231] INFO: Configuration loaded/reloaded successfully.
[2025-02-17 18:30:01,231] INFO: Starting integrated RSI loop with 1s intervals and loop limit 5
[2025-02-17 18:30:01,231] INFO: Fetching prioritized directives.
[2025-02-17 18:30:01,231] WARNING: Sandbox executor not available, skipping directive execution.
[2025-02-17 18:30:01,231] INFO: Analyzing weaknesses...
[2025-02-17 18:30:01,231] WARNING: No feedback available to analyze.
[2025-02-17 18:30:01,234] INFO: --- Performance Metrics ---
[2025-02-17 18:30:01,234] INFO: Directive execution: 0
[2025-02-17 18:30:01,235] INFO: Feedback processing: 0
[2025-02-17 18:30:01,235] INFO: Narrative adaptability: 0
[2025-02-17 18:30:01,235] INFO: Directive success rate: 0
[2025-02-17 18:30:01,235] INFO: Execution time: 0.0
[2025-02-17 18:30:01,235] INFO: Aggressive: 0
[2025-02-17 18:30:01,235] INFO: Passive: 0
[2025-02-17 18:30:01,235] INFO: Dangerous: 0
[2025-02-17 18:30:01,236] INFO: --- Metrics saved to C:\Users\Admin\AppData\Local\Temp\metrics_report.txt ---
[2025-02-17 18:30:01,236] INFO: Evaluated performance metrics: {'error_rate': 0.111, 'response_time': 0.3}
[2025-02-17 18:30:01,236] INFO: Task selected: optimize_error_handling (error_rate 0.111 > threshold 0.100)
[2025-02-17 18:30:01,236] INFO: Starting optimization: error handling
[2025-02-17 18:30:01,236] INFO: Optimizing error handling: error_threshold changing from 0.1 to 0.09000000000000001
[2025-02-17 18:30:01,236] INFO: Configuration saved successfully.
[2025-02-17 18:30:01,237] INFO: Evaluated performance metrics: {'error_rate': 0.031, 'response_time': 0.394}
[2025-02-17 18:30:01,237] WARNING: Memory Manager not set. Improvement cycle not logged to persistent storage.
[2025-02-17 18:30:01,237] INFO: Configuration saved successfully.
[2025-02-17 18:30:02,238] INFO: Fetching prioritized directives.
[2025-02-17 18:30:02,238] WARNING: Sandbox executor not available, skipping directive execution.
[2025-02-17 18:30:02,238] INFO: Analyzing weaknesses...
[2025-02-17 18:30:02,238] WARNING: No feedback available to analyze.
[2025-02-17 18:30:02,238] INFO: --- Performance Metrics ---
[2025-02-17 18:30:02,238] INFO: Directive execution: 0
[2025-02-17 18:30:02,238] INFO: Feedback processing: 0
[2025-02-17 18:30:02,238] INFO: Narrative adaptability: 0
[2025-02-17 18:30:02,238] INFO: Directive success rate: 0
[2025-02-17 18:30:02,238] INFO: Execution time: 0.0
[2025-02-17 18:30:02,238] INFO: Aggressive: 0
[2025-02-17 18:30:02,238] INFO: Passive: 0
[2025-02-17 18:30:02,238] INFO: Dangerous: 0
[2025-02-17 18:30:02,238] INFO: --- Metrics saved to C:\Users\Admin\AppData\Local\Temp\metrics_report.txt ---
[2025-02-17 18:30:02,238] INFO: Configuration loaded/reloaded successfully.
[2025-02-17 18:30:02,238] INFO: Evaluated performance metrics: {'error_rate': 0.084, 'response_time': 0.333}
[2025-02-17 18:30:02,238] INFO: No improvements needed at this time.
[2025-02-17 18:30:03,247] INFO: Fetching prioritized directives.
[2025-02-17 18:30:03,247] WARNING: Sandbox executor not available, skipping directive execution.
[2025-02-17 18:30:03,247] INFO: Analyzing weaknesses...
[2025-02-17 18:30:03,247] WARNING: No feedback available to analyze.
[2025-02-17 18:30:03,247] INFO: --- Performance Metrics ---
[2025-02-17 18:30:03,247] INFO: Directive execution: 0
[2025-02-17 18:30:03,247] INFO: Feedback processing: 0
[2025-02-17 18:30:03,247] INFO: Narrative adaptability: 0
[2025-02-17 18:30:03,247] INFO: Directive success rate: 0
[2025-02-17 18:30:03,247] INFO: Execution time: 0.0
[2025-02-17 18:30:03,247] INFO: Aggressive: 0
[2025-02-17 18:30:03,247] INFO: Passive: 0
[2025-02-17 18:30:03,247] INFO: Dangerous: 0
[2025-02-17 18:30:03,247] INFO: --- Metrics saved to C:\Users\Admin\AppData\Local\Temp\metrics_report.txt ---
[2025-02-17 18:30:03,247] INFO: Evaluated performance metrics: {'error_rate': 0.115, 'response_time': 0.332}
[2025-02-17 18:30:03,247] INFO: Task selected: optimize_error_handling (error_rate 0.115 > threshold 0.090)
[2025-02-17 18:30:03,247] INFO: Starting optimization: error handling
[2025-02-17 18:30:03,247] INFO: Optimizing error handling: error_threshold changing from 0.09000000000000001 to 0.08100000000000002
[2025-02-17 18:30:03,247] INFO: Configuration saved successfully.
[2025-02-17 18:30:03,247] INFO: Evaluated performance metrics: {'error_rate': 0.074, 'response_time': 0.487}
[2025-02-17 18:30:03,247] WARNING: Memory Manager not set. Improvement cycle not logged to persistent storage.
[2025-02-17 18:30:03,247] INFO: Configuration saved successfully.
[2025-02-17 18:30:04,251] INFO: Fetching prioritized directives.
[2025-02-17 18:30:04,251] WARNING: Sandbox executor not available, skipping directive execution.
[2025-02-17 18:30:04,251] INFO: Analyzing weaknesses...
[2025-02-17 18:30:04,251] WARNING: No feedback available to analyze.
[2025-02-17 18:30:04,251] INFO: --- Performance Metrics ---
[2025-02-17 18:30:04,251] INFO: Directive execution: 0
[2025-02-17 18:30:04,251] INFO: Feedback processing: 0
[2025-02-17 18:30:04,251] INFO: Narrative adaptability: 0
[2025-02-17 18:30:04,251] INFO: Directive success rate: 0
[2025-02-17 18:30:04,251] INFO: Execution time: 0.0
[2025-02-17 18:30:04,251] INFO: Aggressive: 0
[2025-02-17 18:30:04,251] INFO: Passive: 0
[2025-02-17 18:30:04,251] INFO: Dangerous: 0
[2025-02-17 18:30:04,251] INFO: --- Metrics saved to C:\Users\Admin\AppData\Local\Temp\metrics_report.txt ---
[2025-02-17 18:30:04,251] INFO: Configuration loaded/reloaded successfully.
[2025-02-17 18:30:04,251] INFO: Evaluated performance metrics: {'error_rate': 0.1, 'response_time': 0.34}
[2025-02-17 18:30:04,251] INFO: Task selected: optimize_error_handling (error_rate 0.100 > threshold 0.081)
[2025-02-17 18:30:04,251] INFO: Starting optimization: error handling
[2025-02-17 18:30:04,251] INFO: Optimizing error handling: error_threshold changing from 0.08100000000000002 to 0.07290000000000002
[2025-02-17 18:30:04,259] INFO: Configuration saved successfully.
[2025-02-17 18:30:04,259] INFO: Evaluated performance metrics: {'error_rate': 0.117, 'response_time': 0.586}
[2025-02-17 18:30:04,259] WARNING: Memory Manager not set. Improvement cycle not logged to persistent storage.
[2025-02-17 18:30:04,259] INFO: Configuration saved successfully.
[2025-02-17 18:30:05,260] INFO: Fetching prioritized directives.
[2025-02-17 18:30:05,260] WARNING: Sandbox executor not available, skipping directive execution.
[2025-02-17 18:30:05,260] INFO: Analyzing weaknesses...
[2025-02-17 18:30:05,260] WARNING: No feedback available to analyze.
[2025-02-17 18:30:05,260] INFO: --- Performance Metrics ---
[2025-02-17 18:30:05,260] INFO: Directive execution: 0
[2025-02-17 18:30:05,260] INFO: Feedback processing: 0
[2025-02-17 18:30:05,260] INFO: Narrative adaptability: 0
[2025-02-17 18:30:05,260] INFO: Directive success rate: 0
[2025-02-17 18:30:05,260] INFO: Execution time: 0.0
[2025-02-17 18:30:05,260] INFO: Aggressive: 0
[2025-02-17 18:30:05,260] INFO: Passive: 0
[2025-02-17 18:30:05,260] INFO: Dangerous: 0
[2025-02-17 18:30:05,260] INFO: --- Metrics saved to C:\Users\Admin\AppData\Local\Temp\metrics_report.txt ---
[2025-02-17 18:30:05,263] INFO: Configuration loaded/reloaded successfully.
[2025-02-17 18:30:05,263] INFO: Evaluated performance metrics: {'error_rate': 0.144, 'response_time': 0.304}
[2025-02-17 18:30:05,263] INFO: Task selected: optimize_error_handling (error_rate 0.144 > threshold 0.073)
[2025-02-17 18:30:05,263] INFO: Starting optimization: error handling
[2025-02-17 18:30:05,263] INFO: Optimizing error handling: error_threshold changing from 0.07290000000000002 to 0.06561000000000002
[2025-02-17 18:30:05,267] INFO: Configuration saved successfully.
[2025-02-17 18:30:05,267] INFO: Evaluated performance metrics: {'error_rate': 0.068, 'response_time': 0.407}
[2025-02-17 18:30:05,267] WARNING: Memory Manager not set. Improvement cycle not logged to persistent storage.
[2025-02-17 18:30:05,268] INFO: Configuration saved successfully.
[2025-02-17 18:30:06,269] INFO: Integrated RSI loop terminated
